<?xml version="1.0" encoding="UTF-8"?>
<!-- Generated by org.testng.reporters.JUnitXMLReporter -->
<testsuite ignored="0" hostname="TULP048" failures="0" tests="13" name="Surefire test" time="23.86" errors="0" timestamp="2023-10-30T13:04:07 IST">
  <testcase classname="api.test.DDTest" name="testPostuser" time="3.512"/>
  <testcase classname="api.test.DDTest" name="testPostuser" time="1.289"/>
  <testcase classname="api.test.DDTest" name="testPostuser" time="1.373"/>
  <testcase classname="api.test.DDTest" name="testGetUser" time="1.483"/>
  <testcase classname="api.test.DDTest" name="testGetUser" time="1.289"/>
  <testcase classname="api.test.DDTest" name="testGetUser" time="1.292"/>
  <testcase classname="api.test.DDTest" name="testDeleteUserByName" time="1.328"/>
  <testcase classname="api.test.DDTest" name="testDeleteUserByName" time="1.369"/>
  <testcase classname="api.test.DDTest" name="testDeleteUserByName" time="1.33"/>
  <testcase classname="api.test.UserTest" name="testPostUser" time="1.457"/>
  <testcase classname="api.test.UserTest" name="testGetUser" time="1.369"/>
  <testcase classname="api.test.UserTest" name="testUpdateUserByName" time="2.587"/>
  <testcase classname="api.test.UserTest" name="testDeleteUserByName" time="1.406"/>
</testsuite> <!-- Surefire test -->
