<?xml version="1.0" encoding="UTF-8"?>
<testng-results ignored="0" total="4" passed="4" failed="0" skipped="0">
  <reporter-output>
  </reporter-output>
  <suite started-at="2023-11-01T20:07:25 IST" name="PetSuite" finished-at="2023-11-01T20:07:33 IST" duration-ms="8022">
    <groups>
    </groups>
    <test started-at="2023-11-01T20:07:25 IST" name="PetTest" finished-at="2023-11-01T20:07:33 IST" duration-ms="8022">
      <class name="api.test.UserTest">
        <test-method is-config="true" signature="setup()[pri:0, instance:api.test.UserTest@7d0b7e3c]" started-at="2023-11-01T20:07:25 IST" name="setup" finished-at="2023-11-01T20:07:25 IST" duration-ms="594" status="PASS">
          <reporter-output>
          </reporter-output>
        </test-method> <!-- setup -->
        <test-method signature="testPostUser()[pri:1, instance:api.test.UserTest@7d0b7e3c]" started-at="2023-11-01T20:07:25 IST" name="testPostUser" finished-at="2023-11-01T20:07:28 IST" duration-ms="2673" status="PASS">
          <reporter-output>
          </reporter-output>
        </test-method> <!-- testPostUser -->
        <test-method signature="testGetUser()[pri:2, instance:api.test.UserTest@7d0b7e3c]" started-at="2023-11-01T20:07:28 IST" name="testGetUser" finished-at="2023-11-01T20:07:29 IST" duration-ms="1153" status="PASS">
          <reporter-output>
          </reporter-output>
        </test-method> <!-- testGetUser -->
        <test-method signature="testUpdateUserByName()[pri:3, instance:api.test.UserTest@7d0b7e3c]" started-at="2023-11-01T20:07:29 IST" name="testUpdateUserByName" finished-at="2023-11-01T20:07:32 IST" duration-ms="2247" status="PASS">
          <reporter-output>
          </reporter-output>
        </test-method> <!-- testUpdateUserByName -->
        <test-method signature="testDeleteUserByName()[pri:4, instance:api.test.UserTest@7d0b7e3c]" started-at="2023-11-01T20:07:32 IST" name="testDeleteUserByName" finished-at="2023-11-01T20:07:33 IST" duration-ms="1127" status="PASS">
          <reporter-output>
          </reporter-output>
        </test-method> <!-- testDeleteUserByName -->
      </class> <!-- api.test.UserTest -->
    </test> <!-- PetTest -->
  </suite> <!-- PetSuite -->
</testng-results>
