<?xml version="1.0" encoding="UTF-8"?>
<testng-results ignored="0" total="4" passed="4" failed="0" skipped="0">
  <reporter-output>
  </reporter-output>
  <suite started-at="2023-10-30T14:34:14 IST" name="PetSuite" finished-at="2023-10-30T14:34:24 IST" duration-ms="10132">
    <groups>
    </groups>
    <test started-at="2023-10-30T14:34:14 IST" name="PetTest" finished-at="2023-10-30T14:34:24 IST" duration-ms="10132">
      <class name="api.test.UserTest">
        <test-method is-config="true" signature="setup()[pri:0, instance:api.test.UserTest@77847718]" started-at="2023-10-30T14:34:14 IST" name="setup" finished-at="2023-10-30T14:34:14 IST" duration-ms="561" status="PASS">
          <reporter-output>
          </reporter-output>
        </test-method> <!-- setup -->
        <test-method signature="testPostUser()[pri:1, instance:api.test.UserTest@77847718]" started-at="2023-10-30T14:34:14 IST" name="testPostUser" finished-at="2023-10-30T14:34:18 IST" duration-ms="3408" status="PASS">
          <reporter-output>
          </reporter-output>
        </test-method> <!-- testPostUser -->
        <test-method signature="testGetUser()[pri:2, instance:api.test.UserTest@77847718]" started-at="2023-10-30T14:34:18 IST" name="testGetUser" finished-at="2023-10-30T14:34:19 IST" duration-ms="1488" status="PASS">
          <reporter-output>
          </reporter-output>
        </test-method> <!-- testGetUser -->
        <test-method signature="testUpdateUserByName()[pri:3, instance:api.test.UserTest@77847718]" started-at="2023-10-30T14:34:19 IST" name="testUpdateUserByName" finished-at="2023-10-30T14:34:22 IST" duration-ms="3106" status="PASS">
          <reporter-output>
          </reporter-output>
        </test-method> <!-- testUpdateUserByName -->
        <test-method signature="testDeleteUserByName()[pri:4, instance:api.test.UserTest@77847718]" started-at="2023-10-30T14:34:22 IST" name="testDeleteUserByName" finished-at="2023-10-30T14:34:24 IST" duration-ms="1384" status="PASS">
          <reporter-output>
          </reporter-output>
        </test-method> <!-- testDeleteUserByName -->
      </class> <!-- api.test.UserTest -->
    </test> <!-- PetTest -->
  </suite> <!-- PetSuite -->
</testng-results>
