<?xml version="1.0" encoding="UTF-8"?>
<testng-results ignored="0" total="1" passed="1" failed="0" skipped="0">
  <reporter-output>
  </reporter-output>
  <suite started-at="2023-10-21T20:30:18 IST" name="Default suite" finished-at="2023-10-21T20:30:27 IST" duration-ms="9128">
    <groups>
    </groups>
    <test started-at="2023-10-21T20:30:18 IST" name="Default test" finished-at="2023-10-21T20:30:27 IST" duration-ms="9128">
      <class name="ExtentDemo.DemoExtentReport">
        <test-method is-config="true" signature="BrowserLaunch()[pri:0, instance:ExtentDemo.DemoExtentReport@2fba3fc4]" started-at="2023-10-21T20:30:18 IST" name="BrowserLaunch" finished-at="2023-10-21T20:30:26 IST" duration-ms="8597" status="PASS">
          <reporter-output>
          </reporter-output>
        </test-method> <!-- BrowserLaunch -->
        <test-method signature="Testcase_001()[pri:0, instance:ExtentDemo.DemoExtentReport@2fba3fc4]" started-at="2023-10-21T20:30:26 IST" name="Testcase_001" finished-at="2023-10-21T20:30:26 IST" duration-ms="29" status="PASS">
          <reporter-output>
          </reporter-output>
        </test-method> <!-- Testcase_001 -->
        <test-method is-config="true" signature="teardown()[pri:0, instance:ExtentDemo.DemoExtentReport@2fba3fc4]" started-at="2023-10-21T20:30:26 IST" name="teardown" finished-at="2023-10-21T20:30:27 IST" duration-ms="459" status="PASS">
          <reporter-output>
          </reporter-output>
        </test-method> <!-- teardown -->
      </class> <!-- ExtentDemo.DemoExtentReport -->
    </test> <!-- Default test -->
  </suite> <!-- Default suite -->
</testng-results>
