<?xml version="1.0" encoding="UTF-8"?>
<!-- Generated by org.testng.reporters.JUnitXMLReporter -->
<testsuite ignored="0" hostname="TULP048" failures="0" tests="4" name="PetTest" time="10.132" errors="0" timestamp="2023-10-30T14:34:24 IST">
  <testcase classname="api.test.UserTest" name="testPostUser" time="3.408"/>
  <testcase classname="api.test.UserTest" name="testGetUser" time="1.488"/>
  <testcase classname="api.test.UserTest" name="testUpdateUserByName" time="3.106"/>
  <testcase classname="api.test.UserTest" name="testDeleteUserByName" time="1.384"/>
</testsuite> <!-- PetTest -->
