<?xml version="1.0" encoding="UTF-8"?>
<!-- Generated by org.testng.reporters.JUnitXMLReporter -->
<testsuite ignored="0" hostname="TULP048" failures="0" tests="4" name="PetTest" time="8.047" errors="0" timestamp="2023-11-01T20:15:32 IST">
  <testcase classname="api.test.UserTest" name="testPostUser" time="2.639"/>
  <testcase classname="api.test.UserTest" name="testGetUser" time="1.188"/>
  <testcase classname="api.test.UserTest" name="testUpdateUserByName" time="2.317"/>
  <testcase classname="api.test.UserTest" name="testDeleteUserByName" time="1.165"/>
</testsuite> <!-- PetTest -->
