<?xml version="1.0" encoding="UTF-8"?>
<!-- Generated by org.testng.reporters.JUnitReportReporter -->
<testsuite hostname="TULP048" failures="0" tests="4" name="api.test.UserTest" time="7.200" errors="0" timestamp="2023-11-01T20:07:33 IST" skipped="0">
  <testcase classname="api.test.UserTest" name="testPostUser" time="2.673"/>
  <system-out/>
  <testcase classname="api.test.UserTest" name="testGetUser" time="1.153"/>
  <system-out/>
  <testcase classname="api.test.UserTest" name="testUpdateUserByName" time="2.247"/>
  <system-out/>
  <testcase classname="api.test.UserTest" name="testDeleteUserByName" time="1.127"/>
  <system-out/>
</testsuite> <!-- api.test.UserTest -->
