<?xml version="1.0" encoding="UTF-8"?>
<!-- Generated by org.testng.reporters.JUnitXMLReporter -->
<testsuite ignored="0" hostname="TULP048" failures="0" tests="4" name="PetTest" time="9.599" errors="0" timestamp="2023-10-20T13:32:53 IST">
  <testcase classname="api.test.UserTest" name="testPostUser" time="3.581"/>
  <testcase classname="api.test.UserTest" name="testGetUser" time="1.168"/>
  <testcase classname="api.test.UserTest" name="testUpdateUserByName" time="2.361"/>
  <testcase classname="api.test.UserTest" name="testDeleteUserByName" time="1.108"/>
</testsuite> <!-- PetTest -->
